2023-10-06 08:24:22,627 - [restartedMain] - [] - INFO  - [com.noteappapi.NoteAppApiApplication              ] - StartupInfoLogger.java:51         - Starting NoteAppApiApplication using Java 20.0.2 with PID 22964 (C:\Users\Admin\Desktop\noteApp-api\target\classes started by Nguyen Thanh Dat in C:\Users\Admin\Desktop\noteApp-api)
2023-10-06 08:24:22,627 - [restartedMain] - [] - INFO  - [com.noteappapi.NoteAppApiApplication              ] - StartupInfoLogger.java:51         - Starting NoteAppApiApplication using Java 20.0.2 with PID 22964 (C:\Users\Admin\Desktop\noteApp-api\target\classes started by Nguyen Thanh Dat in C:\Users\Admin\Desktop\noteApp-api)
2023-10-06 08:24:22,635 - [restartedMain] - [] - INFO  - [com.noteappapi.NoteAppApiApplication              ] - SpringApplication.java:637        - No active profile set, falling back to 1 default profile: "default"
2023-10-06 08:24:22,635 - [restartedMain] - [] - INFO  - [com.noteappapi.NoteAppApiApplication              ] - SpringApplication.java:637        - No active profile set, falling back to 1 default profile: "default"
2023-10-06 08:24:22,692 - [restartedMain] - [] - INFO  - [org.springframework.boot.devtools.env.DevToolsPropertyDefaultsPostProcessor] - DeferredLog.java:250        - Devtools property defaults active! Set 'spring.devtools.add-properties' to 'false' to disable
2023-10-06 08:24:22,693 - [restartedMain] - [] - INFO  - [org.springframework.boot.devtools.env.DevToolsPropertyDefaultsPostProcessor] - DeferredLog.java:250        - For additional web related logging consider setting the 'logging.level.web' property to 'DEBUG'
2023-10-06 08:24:23,468 - [restartedMain] - [] - INFO  - [org.springframework.data.repository.config.RepositoryConfigurationDelegate] - RepositoryConfigurationDelegate.java:138        - Bootstrapping Spring Data JPA repositories in DEFAULT mode.
2023-10-06 08:24:23,543 - [restartedMain] - [] - INFO  - [org.springframework.data.repository.config.RepositoryConfigurationDelegate] - RepositoryConfigurationDelegate.java:208        - Finished Spring Data repository scanning in 46 ms. Found 0 JPA repository interfaces.
2023-10-06 08:24:24,516 - [restartedMain] - [] - INFO  - [org.springframework.boot.web.embedded.tomcat.TomcatWebServer] - TomcatWebServer.java:108        - Tomcat initialized with port(s): 8092 (http)
2023-10-06 08:24:24,525 - [restartedMain] - [] - INFO  - [org.apache.coyote.http11.Http11NioProtocol        ] - DirectJDKLog.java:173        - Initializing ProtocolHandler ["http-nio-8092"]
2023-10-06 08:24:24,527 - [restartedMain] - [] - INFO  - [org.apache.catalina.core.StandardService          ] - DirectJDKLog.java:173        - Starting service [Tomcat]
2023-10-06 08:24:24,527 - [restartedMain] - [] - INFO  - [org.apache.catalina.core.StandardEngine           ] - DirectJDKLog.java:173        - Starting Servlet engine: [Apache Tomcat/10.1.13]
2023-10-06 08:24:24,598 - [restartedMain] - [] - INFO  - [org.apache.catalina.core.ContainerBase.[Tomcat].[localhost].[/api]] - DirectJDKLog.java:173        - Initializing Spring embedded WebApplicationContext
2023-10-06 08:24:24,599 - [restartedMain] - [] - INFO  - [org.springframework.boot.web.servlet.context.ServletWebServerApplicationContext] - ServletWebServerApplicationContext.java:291        - Root WebApplicationContext: initialization completed in 1905 ms
2023-10-06 08:24:24,686 - [restartedMain] - [] - INFO  - [com.noteappapi.config.HikariDataSourceConfig      ] - HikariDataSourceConfig.java:41         - Configuration hikari pool: com.zaxxer.hikari.HikariConfig@40188021
2023-10-06 08:24:24,686 - [restartedMain] - [] - INFO  - [com.noteappapi.config.HikariDataSourceConfig      ] - HikariDataSourceConfig.java:41         - Configuration hikari pool: com.zaxxer.hikari.HikariConfig@40188021
2023-10-06 08:24:24,691 - [restartedMain] - [] - INFO  - [com.zaxxer.hikari.HikariDataSource                ] - HikariDataSource.java:80         - HikariPool-1 - Starting...
2023-10-06 08:24:25,106 - [restartedMain] - [] - INFO  - [com.zaxxer.hikari.pool.HikariPool                 ] - HikariPool.java:565        - HikariPool-1 - Added connection com.mysql.cj.jdbc.ConnectionImpl@15da6197
2023-10-06 08:24:25,108 - [restartedMain] - [] - INFO  - [com.zaxxer.hikari.HikariDataSource                ] - HikariDataSource.java:82         - HikariPool-1 - Start completed.
2023-10-06 08:24:25,203 - [restartedMain] - [] - INFO  - [org.hibernate.jpa.internal.util.LogHelper         ] - LogHelper.java:31         - HHH000204: Processing PersistenceUnitInfo [name: default]
2023-10-06 08:24:25,263 - [restartedMain] - [] - INFO  - [org.hibernate.Version                             ] - Version.java:44         - HHH000412: Hibernate ORM core version 6.2.9.Final
2023-10-06 08:24:25,265 - [restartedMain] - [] - INFO  - [org.hibernate.cfg.Environment                     ] - Environment.java:191        - HHH000406: Using bytecode reflection optimizer
2023-10-06 08:24:25,408 - [restartedMain] - [] - INFO  - [org.hibernate.bytecode.internal.BytecodeProviderInitiator] - BytecodeProviderInitiator.java:53         - HHH000021: Bytecode provider name : bytebuddy
2023-10-06 08:24:25,540 - [restartedMain] - [] - INFO  - [org.springframework.orm.jpa.persistenceunit.SpringPersistenceUnitInfo] - SpringPersistenceUnitInfo.java:87         - No LoadTimeWeaver setup: ignoring JPA class transformer
2023-10-06 08:24:25,788 - [restartedMain] - [] - INFO  - [org.hibernate.bytecode.internal.BytecodeProviderInitiator] - BytecodeProviderInitiator.java:53         - HHH000021: Bytecode provider name : bytebuddy
2023-10-06 08:24:26,350 - [restartedMain] - [] - INFO  - [org.hibernate.engine.transaction.jta.platform.internal.JtaPlatformInitiator] - JtaPlatformInitiator.java:51         - HHH000490: Using JtaPlatform implementation: [org.hibernate.engine.transaction.jta.platform.internal.NoJtaPlatform]
2023-10-06 08:24:26,352 - [restartedMain] - [] - INFO  - [org.springframework.orm.jpa.LocalContainerEntityManagerFactoryBean] - AbstractEntityManagerFactoryBean.java:437        - Initialized JPA EntityManagerFactory for persistence unit 'default'
2023-10-06 08:24:26,725 - [restartedMain] - [] - INFO  - [org.springframework.boot.devtools.autoconfigure.OptionalLiveReloadServer] - OptionalLiveReloadServer.java:59         - LiveReload server is running on port 35729
2023-10-06 08:24:26,739 - [restartedMain] - [] - INFO  - [org.apache.coyote.http11.Http11NioProtocol        ] - DirectJDKLog.java:173        - Starting ProtocolHandler ["http-nio-8092"]
2023-10-06 08:24:26,754 - [restartedMain] - [] - INFO  - [org.springframework.boot.web.embedded.tomcat.TomcatWebServer] - TomcatWebServer.java:220        - Tomcat started on port(s): 8092 (http) with context path '/api'
2023-10-06 08:24:26,762 - [restartedMain] - [] - INFO  - [com.noteappapi.NoteAppApiApplication              ] - StartupInfoLogger.java:57         - Started NoteAppApiApplication in 4.448 seconds (process running for 5.558)
2023-10-06 08:24:26,762 - [restartedMain] - [] - INFO  - [com.noteappapi.NoteAppApiApplication              ] - StartupInfoLogger.java:57         - Started NoteAppApiApplication in 4.448 seconds (process running for 5.558)
