2023-09-27 08:43:29,214 - [restartedMain] - [] - INFO  - [com.noteappapi.NoteAppApiApplication              ] - StartupInfoLogger.java:51         - Starting NoteAppApiApplication using Java 20.0.2 with PID 12992 (C:\Users\Admin\Desktop\noteApp-api\target\classes started by Nguyen Thanh Dat in C:\Users\Admin\Desktop\noteApp-api)
2023-09-27 08:43:29,216 - [restartedMain] - [] - INFO  - [com.noteappapi.NoteAppApiApplication              ] - SpringApplication.java:637        - No active profile set, falling back to 1 default profile: "default"
2023-09-27 08:43:29,253 - [restartedMain] - [] - INFO  - [org.springframework.boot.devtools.env.DevToolsPropertyDefaultsPostProcessor] - DeferredLog.java:250        - Devtools property defaults active! Set 'spring.devtools.add-properties' to 'false' to disable
2023-09-27 08:43:29,253 - [restartedMain] - [] - INFO  - [org.springframework.boot.devtools.env.DevToolsPropertyDefaultsPostProcessor] - DeferredLog.java:250        - For additional web related logging consider setting the 'logging.level.web' property to 'DEBUG'
2023-09-27 08:43:29,714 - [restartedMain] - [] - INFO  - [org.springframework.data.repository.config.RepositoryConfigurationDelegate] - RepositoryConfigurationDelegate.java:138        - Bootstrapping Spring Data JPA repositories in DEFAULT mode.
2023-09-27 08:43:29,729 - [restartedMain] - [] - INFO  - [org.springframework.data.repository.config.RepositoryConfigurationDelegate] - RepositoryConfigurationDelegate.java:208        - Finished Spring Data repository scanning in 10 ms. Found 0 JPA repository interfaces.
2023-09-27 08:43:30,150 - [restartedMain] - [] - INFO  - [org.springframework.boot.web.embedded.tomcat.TomcatWebServer] - TomcatWebServer.java:108        - Tomcat initialized with port(s): 8090 (http)
2023-09-27 08:43:30,156 - [restartedMain] - [] - INFO  - [org.apache.coyote.http11.Http11NioProtocol        ] - DirectJDKLog.java:173        - Initializing ProtocolHandler ["http-nio-8090"]
2023-09-27 08:43:30,157 - [restartedMain] - [] - INFO  - [org.apache.catalina.core.StandardService          ] - DirectJDKLog.java:173        - Starting service [Tomcat]
2023-09-27 08:43:30,157 - [restartedMain] - [] - INFO  - [org.apache.catalina.core.StandardEngine           ] - DirectJDKLog.java:173        - Starting Servlet engine: [Apache Tomcat/10.1.13]
2023-09-27 08:43:30,203 - [restartedMain] - [] - INFO  - [org.apache.catalina.core.ContainerBase.[Tomcat].[localhost].[/api]] - DirectJDKLog.java:173        - Initializing Spring embedded WebApplicationContext
2023-09-27 08:43:30,204 - [restartedMain] - [] - INFO  - [org.springframework.boot.web.servlet.context.ServletWebServerApplicationContext] - ServletWebServerApplicationContext.java:291        - Root WebApplicationContext: initialization completed in 949 ms
2023-09-27 08:43:30,291 - [restartedMain] - [] - INFO  - [com.zaxxer.hikari.HikariDataSource                ] - HikariDataSource.java:110        - HikariPool-1 - Starting...
2023-09-27 08:43:30,541 - [restartedMain] - [] - INFO  - [com.zaxxer.hikari.pool.HikariPool                 ] - HikariPool.java:565        - HikariPool-1 - Added connection com.mysql.cj.jdbc.ConnectionImpl@44cdab4f
2023-09-27 08:43:30,544 - [restartedMain] - [] - INFO  - [com.zaxxer.hikari.HikariDataSource                ] - HikariDataSource.java:123        - HikariPool-1 - Start completed.
2023-09-27 08:43:30,579 - [restartedMain] - [] - INFO  - [org.hibernate.jpa.internal.util.LogHelper         ] - LogHelper.java:31         - HHH000204: Processing PersistenceUnitInfo [name: default]
2023-09-27 08:43:30,618 - [restartedMain] - [] - INFO  - [org.hibernate.Version                             ] - Version.java:44         - HHH000412: Hibernate ORM core version 6.2.9.Final
2023-09-27 08:43:30,620 - [restartedMain] - [] - INFO  - [org.hibernate.cfg.Environment                     ] - Environment.java:191        - HHH000406: Using bytecode reflection optimizer
2023-09-27 08:43:30,723 - [restartedMain] - [] - INFO  - [org.hibernate.bytecode.internal.BytecodeProviderInitiator] - BytecodeProviderInitiator.java:53         - HHH000021: Bytecode provider name : bytebuddy
2023-09-27 08:43:30,838 - [restartedMain] - [] - INFO  - [org.springframework.orm.jpa.persistenceunit.SpringPersistenceUnitInfo] - SpringPersistenceUnitInfo.java:87         - No LoadTimeWeaver setup: ignoring JPA class transformer
2023-09-27 08:43:31,032 - [restartedMain] - [] - INFO  - [org.hibernate.bytecode.internal.BytecodeProviderInitiator] - BytecodeProviderInitiator.java:53         - HHH000021: Bytecode provider name : bytebuddy
2023-09-27 08:43:31,476 - [restartedMain] - [] - INFO  - [org.hibernate.engine.transaction.jta.platform.internal.JtaPlatformInitiator] - JtaPlatformInitiator.java:51         - HHH000490: Using JtaPlatform implementation: [org.hibernate.engine.transaction.jta.platform.internal.NoJtaPlatform]
2023-09-27 08:43:31,478 - [restartedMain] - [] - INFO  - [org.springframework.orm.jpa.LocalContainerEntityManagerFactoryBean] - AbstractEntityManagerFactoryBean.java:437        - Initialized JPA EntityManagerFactory for persistence unit 'default'
2023-09-27 08:43:31,807 - [restartedMain] - [] - INFO  - [org.springframework.boot.devtools.autoconfigure.OptionalLiveReloadServer] - OptionalLiveReloadServer.java:59         - LiveReload server is running on port 35729
2023-09-27 08:43:31,819 - [restartedMain] - [] - INFO  - [org.apache.coyote.http11.Http11NioProtocol        ] - DirectJDKLog.java:173        - Starting ProtocolHandler ["http-nio-8090"]
2023-09-27 08:43:31,831 - [restartedMain] - [] - INFO  - [org.springframework.boot.web.embedded.tomcat.TomcatWebServer] - TomcatWebServer.java:220        - Tomcat started on port(s): 8090 (http) with context path '/api'
2023-09-27 08:43:31,838 - [restartedMain] - [] - INFO  - [com.noteappapi.NoteAppApiApplication              ] - StartupInfoLogger.java:57         - Started NoteAppApiApplication in 2.933 seconds (process running for 3.808)
2023-09-27 08:45:36,544 - [SpringApplicationShutdownHook] - [] - INFO  - [org.springframework.orm.jpa.LocalContainerEntityManagerFactoryBean] - AbstractEntityManagerFactoryBean.java:650        - Closing JPA EntityManagerFactory for persistence unit 'default'
2023-09-27 08:45:36,546 - [SpringApplicationShutdownHook] - [] - INFO  - [com.zaxxer.hikari.HikariDataSource                ] - HikariDataSource.java:350        - HikariPool-1 - Shutdown initiated...
2023-09-27 08:45:36,549 - [SpringApplicationShutdownHook] - [] - INFO  - [com.zaxxer.hikari.HikariDataSource                ] - HikariDataSource.java:352        - HikariPool-1 - Shutdown completed.
2023-09-27 08:45:41,470 - [restartedMain] - [] - INFO  - [com.noteappapi.NoteAppApiApplication              ] - StartupInfoLogger.java:51         - Starting NoteAppApiApplication using Java 20.0.2 with PID 6952 (C:\Users\Admin\Desktop\noteApp-api\target\classes started by Nguyen Thanh Dat in C:\Users\Admin\Desktop\noteApp-api)
2023-09-27 08:45:41,472 - [restartedMain] - [] - INFO  - [com.noteappapi.NoteAppApiApplication              ] - SpringApplication.java:637        - No active profile set, falling back to 1 default profile: "default"
2023-09-27 08:45:41,505 - [restartedMain] - [] - INFO  - [org.springframework.boot.devtools.env.DevToolsPropertyDefaultsPostProcessor] - DeferredLog.java:250        - Devtools property defaults active! Set 'spring.devtools.add-properties' to 'false' to disable
2023-09-27 08:45:41,505 - [restartedMain] - [] - INFO  - [org.springframework.boot.devtools.env.DevToolsPropertyDefaultsPostProcessor] - DeferredLog.java:250        - For additional web related logging consider setting the 'logging.level.web' property to 'DEBUG'
2023-09-27 08:45:41,934 - [restartedMain] - [] - INFO  - [org.springframework.data.repository.config.RepositoryConfigurationDelegate] - RepositoryConfigurationDelegate.java:138        - Bootstrapping Spring Data JPA repositories in DEFAULT mode.
2023-09-27 08:45:41,948 - [restartedMain] - [] - INFO  - [org.springframework.data.repository.config.RepositoryConfigurationDelegate] - RepositoryConfigurationDelegate.java:208        - Finished Spring Data repository scanning in 9 ms. Found 0 JPA repository interfaces.
2023-09-27 08:45:42,349 - [restartedMain] - [] - INFO  - [org.springframework.boot.web.embedded.tomcat.TomcatWebServer] - TomcatWebServer.java:108        - Tomcat initialized with port(s): 8090 (http)
2023-09-27 08:45:42,354 - [restartedMain] - [] - INFO  - [org.apache.coyote.http11.Http11NioProtocol        ] - DirectJDKLog.java:173        - Initializing ProtocolHandler ["http-nio-8090"]
2023-09-27 08:45:42,356 - [restartedMain] - [] - INFO  - [org.apache.catalina.core.StandardService          ] - DirectJDKLog.java:173        - Starting service [Tomcat]
2023-09-27 08:45:42,356 - [restartedMain] - [] - INFO  - [org.apache.catalina.core.StandardEngine           ] - DirectJDKLog.java:173        - Starting Servlet engine: [Apache Tomcat/10.1.13]
2023-09-27 08:45:42,403 - [restartedMain] - [] - INFO  - [org.apache.catalina.core.ContainerBase.[Tomcat].[localhost].[/api]] - DirectJDKLog.java:173        - Initializing Spring embedded WebApplicationContext
2023-09-27 08:45:42,404 - [restartedMain] - [] - INFO  - [org.springframework.boot.web.servlet.context.ServletWebServerApplicationContext] - ServletWebServerApplicationContext.java:291        - Root WebApplicationContext: initialization completed in 898 ms
2023-09-27 08:45:42,493 - [restartedMain] - [] - INFO  - [com.zaxxer.hikari.HikariDataSource                ] - HikariDataSource.java:110        - HikariPool-1 - Starting...
2023-09-27 08:45:42,752 - [restartedMain] - [] - INFO  - [com.zaxxer.hikari.pool.HikariPool                 ] - HikariPool.java:565        - HikariPool-1 - Added connection com.mysql.cj.jdbc.ConnectionImpl@45cc87f2
2023-09-27 08:45:42,754 - [restartedMain] - [] - INFO  - [com.zaxxer.hikari.HikariDataSource                ] - HikariDataSource.java:123        - HikariPool-1 - Start completed.
2023-09-27 08:45:42,787 - [restartedMain] - [] - INFO  - [org.hibernate.jpa.internal.util.LogHelper         ] - LogHelper.java:31         - HHH000204: Processing PersistenceUnitInfo [name: default]
2023-09-27 08:45:42,825 - [restartedMain] - [] - INFO  - [org.hibernate.Version                             ] - Version.java:44         - HHH000412: Hibernate ORM core version 6.2.9.Final
2023-09-27 08:45:42,827 - [restartedMain] - [] - INFO  - [org.hibernate.cfg.Environment                     ] - Environment.java:191        - HHH000406: Using bytecode reflection optimizer
2023-09-27 08:45:42,936 - [restartedMain] - [] - INFO  - [org.hibernate.bytecode.internal.BytecodeProviderInitiator] - BytecodeProviderInitiator.java:53         - HHH000021: Bytecode provider name : bytebuddy
2023-09-27 08:45:43,043 - [restartedMain] - [] - INFO  - [org.springframework.orm.jpa.persistenceunit.SpringPersistenceUnitInfo] - SpringPersistenceUnitInfo.java:87         - No LoadTimeWeaver setup: ignoring JPA class transformer
2023-09-27 08:45:43,265 - [restartedMain] - [] - INFO  - [org.hibernate.bytecode.internal.BytecodeProviderInitiator] - BytecodeProviderInitiator.java:53         - HHH000021: Bytecode provider name : bytebuddy
2023-09-27 08:45:43,731 - [restartedMain] - [] - INFO  - [org.hibernate.engine.transaction.jta.platform.internal.JtaPlatformInitiator] - JtaPlatformInitiator.java:51         - HHH000490: Using JtaPlatform implementation: [org.hibernate.engine.transaction.jta.platform.internal.NoJtaPlatform]
2023-09-27 08:45:43,733 - [restartedMain] - [] - INFO  - [org.springframework.orm.jpa.LocalContainerEntityManagerFactoryBean] - AbstractEntityManagerFactoryBean.java:437        - Initialized JPA EntityManagerFactory for persistence unit 'default'
2023-09-27 08:45:44,108 - [restartedMain] - [] - INFO  - [org.springframework.boot.devtools.autoconfigure.OptionalLiveReloadServer] - OptionalLiveReloadServer.java:59         - LiveReload server is running on port 35729
2023-09-27 08:45:44,119 - [restartedMain] - [] - INFO  - [org.apache.coyote.http11.Http11NioProtocol        ] - DirectJDKLog.java:173        - Starting ProtocolHandler ["http-nio-8090"]
2023-09-27 08:45:44,134 - [restartedMain] - [] - INFO  - [org.springframework.boot.web.embedded.tomcat.TomcatWebServer] - TomcatWebServer.java:220        - Tomcat started on port(s): 8090 (http) with context path '/api'
2023-09-27 08:45:44,142 - [restartedMain] - [] - INFO  - [com.noteappapi.NoteAppApiApplication              ] - StartupInfoLogger.java:57         - Started NoteAppApiApplication in 2.971 seconds (process running for 3.814)
2023-09-27 08:50:03,188 - [SpringApplicationShutdownHook] - [] - INFO  - [org.springframework.orm.jpa.LocalContainerEntityManagerFactoryBean] - AbstractEntityManagerFactoryBean.java:650        - Closing JPA EntityManagerFactory for persistence unit 'default'
2023-09-27 08:50:03,191 - [SpringApplicationShutdownHook] - [] - INFO  - [com.zaxxer.hikari.HikariDataSource                ] - HikariDataSource.java:350        - HikariPool-1 - Shutdown initiated...
2023-09-27 08:50:03,195 - [SpringApplicationShutdownHook] - [] - INFO  - [com.zaxxer.hikari.HikariDataSource                ] - HikariDataSource.java:352        - HikariPool-1 - Shutdown completed.
2023-09-27 08:50:05,971 - [restartedMain] - [] - INFO  - [com.noteappapi.NoteAppApiApplication              ] - StartupInfoLogger.java:51         - Starting NoteAppApiApplication using Java 20.0.2 with PID 4644 (C:\Users\Admin\Desktop\noteApp-api\target\classes started by Nguyen Thanh Dat in C:\Users\Admin\Desktop\noteApp-api)
2023-09-27 08:50:05,974 - [restartedMain] - [] - INFO  - [com.noteappapi.NoteAppApiApplication              ] - SpringApplication.java:637        - No active profile set, falling back to 1 default profile: "default"
2023-09-27 08:50:06,014 - [restartedMain] - [] - INFO  - [org.springframework.boot.devtools.env.DevToolsPropertyDefaultsPostProcessor] - DeferredLog.java:250        - Devtools property defaults active! Set 'spring.devtools.add-properties' to 'false' to disable
2023-09-27 08:50:06,014 - [restartedMain] - [] - INFO  - [org.springframework.boot.devtools.env.DevToolsPropertyDefaultsPostProcessor] - DeferredLog.java:250        - For additional web related logging consider setting the 'logging.level.web' property to 'DEBUG'
2023-09-27 08:50:06,427 - [restartedMain] - [] - INFO  - [org.springframework.data.repository.config.RepositoryConfigurationDelegate] - RepositoryConfigurationDelegate.java:138        - Bootstrapping Spring Data JPA repositories in DEFAULT mode.
2023-09-27 08:50:06,442 - [restartedMain] - [] - INFO  - [org.springframework.data.repository.config.RepositoryConfigurationDelegate] - RepositoryConfigurationDelegate.java:208        - Finished Spring Data repository scanning in 9 ms. Found 0 JPA repository interfaces.
2023-09-27 08:50:06,830 - [restartedMain] - [] - INFO  - [org.springframework.boot.web.embedded.tomcat.TomcatWebServer] - TomcatWebServer.java:108        - Tomcat initialized with port(s): 8090 (http)
2023-09-27 08:50:06,835 - [restartedMain] - [] - INFO  - [org.apache.coyote.http11.Http11NioProtocol        ] - DirectJDKLog.java:173        - Initializing ProtocolHandler ["http-nio-8090"]
2023-09-27 08:50:06,836 - [restartedMain] - [] - INFO  - [org.apache.catalina.core.StandardService          ] - DirectJDKLog.java:173        - Starting service [Tomcat]
2023-09-27 08:50:06,836 - [restartedMain] - [] - INFO  - [org.apache.catalina.core.StandardEngine           ] - DirectJDKLog.java:173        - Starting Servlet engine: [Apache Tomcat/10.1.13]
2023-09-27 08:50:06,879 - [restartedMain] - [] - INFO  - [org.apache.catalina.core.ContainerBase.[Tomcat].[localhost].[/api]] - DirectJDKLog.java:173        - Initializing Spring embedded WebApplicationContext
2023-09-27 08:50:06,880 - [restartedMain] - [] - INFO  - [org.springframework.boot.web.servlet.context.ServletWebServerApplicationContext] - ServletWebServerApplicationContext.java:291        - Root WebApplicationContext: initialization completed in 865 ms
2023-09-27 08:50:06,966 - [restartedMain] - [] - INFO  - [com.zaxxer.hikari.HikariDataSource                ] - HikariDataSource.java:110        - HikariPool-1 - Starting...
2023-09-27 08:50:07,209 - [restartedMain] - [] - INFO  - [com.zaxxer.hikari.pool.HikariPool                 ] - HikariPool.java:565        - HikariPool-1 - Added connection com.mysql.cj.jdbc.ConnectionImpl@3f93fbfc
2023-09-27 08:50:07,211 - [restartedMain] - [] - INFO  - [com.zaxxer.hikari.HikariDataSource                ] - HikariDataSource.java:123        - HikariPool-1 - Start completed.
2023-09-27 08:50:07,243 - [restartedMain] - [] - INFO  - [org.hibernate.jpa.internal.util.LogHelper         ] - LogHelper.java:31         - HHH000204: Processing PersistenceUnitInfo [name: default]
2023-09-27 08:50:07,281 - [restartedMain] - [] - INFO  - [org.hibernate.Version                             ] - Version.java:44         - HHH000412: Hibernate ORM core version 6.2.9.Final
2023-09-27 08:50:07,282 - [restartedMain] - [] - INFO  - [org.hibernate.cfg.Environment                     ] - Environment.java:191        - HHH000406: Using bytecode reflection optimizer
2023-09-27 08:50:07,381 - [restartedMain] - [] - INFO  - [org.hibernate.bytecode.internal.BytecodeProviderInitiator] - BytecodeProviderInitiator.java:53         - HHH000021: Bytecode provider name : bytebuddy
2023-09-27 08:50:07,483 - [restartedMain] - [] - INFO  - [org.springframework.orm.jpa.persistenceunit.SpringPersistenceUnitInfo] - SpringPersistenceUnitInfo.java:87         - No LoadTimeWeaver setup: ignoring JPA class transformer
2023-09-27 08:50:07,667 - [restartedMain] - [] - INFO  - [org.hibernate.bytecode.internal.BytecodeProviderInitiator] - BytecodeProviderInitiator.java:53         - HHH000021: Bytecode provider name : bytebuddy
2023-09-27 08:50:08,094 - [restartedMain] - [] - INFO  - [org.hibernate.engine.transaction.jta.platform.internal.JtaPlatformInitiator] - JtaPlatformInitiator.java:51         - HHH000490: Using JtaPlatform implementation: [org.hibernate.engine.transaction.jta.platform.internal.NoJtaPlatform]
2023-09-27 08:50:08,096 - [restartedMain] - [] - INFO  - [org.springframework.orm.jpa.LocalContainerEntityManagerFactoryBean] - AbstractEntityManagerFactoryBean.java:437        - Initialized JPA EntityManagerFactory for persistence unit 'default'
2023-09-27 08:50:08,405 - [restartedMain] - [] - INFO  - [org.springframework.boot.devtools.autoconfigure.OptionalLiveReloadServer] - OptionalLiveReloadServer.java:59         - LiveReload server is running on port 35729
2023-09-27 08:50:08,416 - [restartedMain] - [] - INFO  - [org.apache.coyote.http11.Http11NioProtocol        ] - DirectJDKLog.java:173        - Starting ProtocolHandler ["http-nio-8090"]
2023-09-27 08:50:08,428 - [restartedMain] - [] - INFO  - [org.springframework.boot.web.embedded.tomcat.TomcatWebServer] - TomcatWebServer.java:220        - Tomcat started on port(s): 8090 (http) with context path '/api'
2023-09-27 08:50:08,435 - [restartedMain] - [] - INFO  - [com.noteappapi.NoteAppApiApplication              ] - StartupInfoLogger.java:57         - Started NoteAppApiApplication in 2.764 seconds (process running for 3.577)
